Starting audit...
com.puppycrawl.tools.checkstyle.api.CheckstyleException: Exception was thrown while processing ./src/module-info.java
	at com.puppycrawl.tools.checkstyle.Checker.processFiles(Checker.java:311)
	at com.puppycrawl.tools.checkstyle.Checker.process(Checker.java:221)
	at com.puppycrawl.tools.checkstyle.Main.runCheckstyle(Main.java:408)
	at com.puppycrawl.tools.checkstyle.Main.runCli(Main.java:331)
	at com.puppycrawl.tools.checkstyle.Main.execute(Main.java:190)
	at com.puppycrawl.tools.checkstyle.Main.main(Main.java:125)
Caused by: com.puppycrawl.tools.checkstyle.api.CheckstyleException: NoViableAltException occurred while parsing file /home/alex/Desktop/tema1/./src/module-info.java.
	at com.puppycrawl.tools.checkstyle.JavaParser.parse(JavaParser.java:120)
	at com.puppycrawl.tools.checkstyle.TreeWalker.processFiltered(TreeWalker.java:149)
	at com.puppycrawl.tools.checkstyle.api.AbstractFileSetCheck.process(AbstractFileSetCheck.java:87)
	at com.puppycrawl.tools.checkstyle.Checker.processFile(Checker.java:337)
	at com.puppycrawl.tools.checkstyle.Checker.processFiles(Checker.java:298)
	... 5 more
Caused by: /home/alex/Desktop/tema1/./src/module-info.java:1:1: unexpected token: module
	at com.puppycrawl.tools.checkstyle.grammar.GeneratedJavaRecognizer.compilationUnit(GeneratedJavaRecognizer.java:191)
	at com.puppycrawl.tools.checkstyle.JavaParser.parse(JavaParser.java:114)
	... 9 more
Checkstyle ends with 1 errors.
